# JRE version: Java(TM) SE Runtime Environment (17.0.7+8) (build 17.0.7+8-LTS-224)
# Java VM: Java HotSpot(TM) 64-Bit Server VM (17.0.7+8-LTS-224, mixed mode, emulated-client, sharing, tiered, compressed oops, compressed class ptrs, g1 gc, windows-amd64)
GC Precious Log:
 CPUs: 8 total, 8 available
 Memory: 16336M
 Large Page Support: Disabled
 NUMA Support: Disabled
 Compressed Oops: Enabled (32-bit)
 Heap Region Size: 1M
 Heap Min Capacity: 8M
 Heap Initial Capacity: 256M
 Heap Max Capacity: 1G
 Pre-touch: Disabled
 Parallel Workers: 8
 Concurrent Workers: 2
 Concurrent Refinement Workers: 8
 Periodic GC: Disabled
Heap:
 garbage-first heap   total 270336K, used 79659K [0x00000000c0000000, 0x0000000100000000)
  region size 1024K, 1 young (1024K), 0 survivors (0K)
 Metaspace       used 67586K, committed 68352K, reserved 1114112K
  class space    used 9251K, committed 9536K, reserved 1048576K
GC Heap History (20 events):
Event: 1420.031 GC heap after
{Heap after GC invocations=230 (full 134):
 garbage-first heap   total 270336K, used 79388K [0x00000000c0000000, 0x0000000100000000)
  region size 1024K, 0 young (0K), 0 survivors (0K)
 Metaspace       used 67586K, committed 68352K, reserved 1114112K
  class space    used 9251K, committed 9536K, reserved 1048576K
}
Event: 1430.139 GC heap before
{Heap before GC invocations=230 (full 134):
 garbage-first heap   total 270336K, used 79388K [0x00000000c0000000, 0x0000000100000000)
  region size 1024K, 1 young (1024K), 0 survivors (0K)
 Metaspace       used 67586K, committed 68352K, reserved 1114112K
  class space    used 9251K, committed 9536K, reserved 1048576K
}
Event: 1430.196 GC heap after
{Heap after GC invocations=231 (full 135):
 garbage-first heap   total 270336K, used 79388K [0x00000000c0000000, 0x0000000100000000)
  region size 1024K, 0 young (0K), 0 survivors (0K)
 Metaspace       used 67586K, committed 68352K, reserved 1114112K
  class space    used 9251K, committed 9536K, reserved 1048576K
}
Event: 1440.299 GC heap before
{Heap before GC invocations=231 (full 135):
 garbage-first heap   total 270336K, used 79388K [0x00000000c0000000, 0x0000000100000000)
  region size 1024K, 1 young (1024K), 0 survivors (0K)
 Metaspace       used 67586K, committed 68352K, reserved 1114112K
  class space    used 9251K, committed 9536K, reserved 1048576K
}
Event: 1440.346 GC heap after
{Heap after GC invocations=232 (full 136):
 garbage-first heap   total 270336K, used 79388K [0x00000000c0000000, 0x0000000100000000)
  region size 1024K, 0 young (0K), 0 survivors (0K)
 Metaspace       used 67586K, committed 68352K, reserved 1114112K
  class space    used 9251K, committed 9536K, reserved 1048576K
}
Event: 1450.438 GC heap before
{Heap before GC invocations=232 (full 136):
 garbage-first heap   total 270336K, used 79388K [0x00000000c0000000, 0x0000000100000000)
  region size 1024K, 1 young (1024K), 0 survivors (0K)
 Metaspace       used 67586K, committed 68352K, reserved 1114112K
  class space    used 9251K, committed 9536K, reserved 1048576K
}
Event: 1450.494 GC heap after
{Heap after GC invocations=233 (full 137):
 garbage-first heap   total 270336K, used 79388K [0x00000000c0000000, 0x0000000100000000)
  region size 1024K, 0 young (0K), 0 survivors (0K)
 Metaspace       used 67586K, committed 68352K, reserved 1114112K
  class space    used 9251K, committed 9536K, reserved 1048576K
}
Event: 1460.605 GC heap before
{Heap before GC invocations=233 (full 137):
 garbage-first heap   total 270336K, used 79388K [0x00000000c0000000, 0x0000000100000000)
  region size 1024K, 1 young (1024K), 0 survivors (0K)
 Metaspace       used 67586K, committed 68352K, reserved 1114112K
  class space    used 9251K, committed 9536K, reserved 1048576K
}
Event: 1460.662 GC heap after
{Heap after GC invocations=234 (full 138):
 garbage-first heap   total 270336K, used 79388K [0x00000000c0000000, 0x0000000100000000)
  region size 1024K, 0 young (0K), 0 survivors (0K)
 Metaspace       used 67586K, committed 68352K, reserved 1114112K
  class space    used 9251K, committed 9536K, reserved 1048576K
}
Event: 1470.762 GC heap before
{Heap before GC invocations=234 (full 138):
 garbage-first heap   total 270336K, used 79388K [0x00000000c0000000, 0x0000000100000000)
  region size 1024K, 1 young (1024K), 0 survivors (0K)
 Metaspace       used 67586K, committed 68352K, reserved 1114112K
  class space    used 9251K, committed 9536K, reserved 1048576K
}
Event: 1470.813 GC heap after
{Heap after GC invocations=235 (full 139):
 garbage-first heap   total 270336K, used 79388K [0x00000000c0000000, 0x0000000100000000)
  region size 1024K, 0 young (0K), 0 survivors (0K)
 Metaspace       used 67586K, committed 68352K, reserved 1114112K
  class space    used 9251K, committed 9536K, reserved 1048576K
}
Event: 1480.905 GC heap before
{Heap before GC invocations=235 (full 139):
 garbage-first heap   total 270336K, used 79388K [0x00000000c0000000, 0x0000000100000000)
  region size 1024K, 1 young (1024K), 0 survivors (0K)
 Metaspace       used 67586K, committed 68352K, reserved 1114112K
  class space    used 9251K, committed 9536K, reserved 1048576K
}
Event: 1480.957 GC heap after
{Heap after GC invocations=236 (full 140):
 garbage-first heap   total 270336K, used 79388K [0x00000000c0000000, 0x0000000100000000)
  region size 1024K, 0 young (0K), 0 survivors (0K)
 Metaspace       used 67586K, committed 68352K, reserved 1114112K
  class space    used 9251K, committed 9536K, reserved 1048576K
}
Event: 1491.068 GC heap before
{Heap before GC invocations=236 (full 140):
 garbage-first heap   total 270336K, used 79388K [0x00000000c0000000, 0x0000000100000000)
  region size 1024K, 1 young (1024K), 0 survivors (0K)
 Metaspace       used 67586K, committed 68352K, reserved 1114112K
  class space    used 9251K, committed 9536K, reserved 1048576K
}
Event: 1491.128 GC heap after
{Heap after GC invocations=237 (full 141):
 garbage-first heap   total 270336K, used 79388K [0x00000000c0000000, 0x0000000100000000)
  region size 1024K, 0 young (0K), 0 survivors (0K)
 Metaspace       used 67586K, committed 68352K, reserved 1114112K
  class space    used 9251K, committed 9536K, reserved 1048576K
}
Event: 1501.262 GC heap before
{Heap before GC invocations=237 (full 141):
 garbage-first heap   total 270336K, used 79388K [0x00000000c0000000, 0x0000000100000000)
  region size 1024K, 1 young (1024K), 0 survivors (0K)
 Metaspace       used 67586K, committed 68352K, reserved 1114112K
  class space    used 9251K, committed 9536K, reserved 1048576K
}
Event: 1501.320 GC heap after
{Heap after GC invocations=238 (full 142):
 garbage-first heap   total 270336K, used 79388K [0x00000000c0000000, 0x0000000100000000)
  region size 1024K, 0 young (0K), 0 survivors (0K)
 Metaspace       used 67586K, committed 68352K, reserved 1114112K
  class space    used 9251K, committed 9536K, reserved 1048576K
}
Event: 1511.434 GC heap before
{Heap before GC invocations=238 (full 142):
 garbage-first heap   total 270336K, used 79388K [0x00000000c0000000, 0x0000000100000000)
  region size 1024K, 1 young (1024K), 0 survivors (0K)
 Metaspace       used 67586K, committed 68352K, reserved 1114112K
  class space    used 9251K, committed 9536K, reserved 1048576K
}
Event: 1511.489 GC heap after
{Heap after GC invocations=239 (full 143):
 garbage-first heap   total 270336K, used 79388K [0x00000000c0000000, 0x0000000100000000)
  region size 1024K, 0 young (0K), 0 survivors (0K)
 Metaspace       used 67586K, committed 68352K, reserved 1114112K
  class space    used 9251K, committed 9536K, reserved 1048576K
}
Event: 1521.584 GC heap before
{Heap before GC invocations=239 (full 143):
 garbage-first heap   total 270336K, used 79388K [0x00000000c0000000, 0x0000000100000000)
  region size 1024K, 1 young (1024K), 0 survivors (0K)
 Metaspace       used 67586K, committed 68352K, reserved 1114112K
  class space    used 9251K, committed 9536K, reserved 1048576K
}

